<?xml version="1.0" encoding="UTF-8"?>
<!-- Generated by org.testng.reporters.JUnitReportReporter -->
<testsuite hostname="Sallu" failures="0" tests="1" name="syncronyzation.ExpliciteWaitTest" time="27.577" errors="0" timestamp="2024-09-13T22:51:02 BDT" skipped="0">
  <testcase classname="syncronyzation.ExpliciteWaitTest" name="ValidLoginTest" time="27.577"/>
</testsuite> <!-- syncronyzation.ExpliciteWaitTest -->
