<?xml version="1.0" encoding="UTF-8"?>
<!-- Generated by org.testng.reporters.JUnitReportReporter -->
<testsuite hostname="Sallu" failures="0" tests="1" name="pf_WithPOM.PF_loginTest" time="27.473" errors="0" timestamp="2024-09-13T22:25:09 BDT" skipped="0">
  <testcase classname="pf_WithPOM.PF_loginTest" name="ValidLoginTest" time="27.473"/>
</testsuite> <!-- pf_WithPOM.PF_loginTest -->
