<?xml version="1.0" encoding="UTF-8"?>
<!-- Generated by org.testng.reporters.JUnitReportReporter -->
<testsuite hostname="Sallu" failures="0" tests="3" name="keyWordFaramework.Login_test" time="82.653" errors="0" timestamp="2024-09-20T11:14:21 BDT" skipped="0">
  <testcase classname="keyWordFaramework.Login_test" name="InValidLoginTest2" time="27.511"/>
  <testcase classname="keyWordFaramework.Login_test" name="InValidLoginTest3" time="27.650"/>
  <testcase classname="keyWordFaramework.Login_test" name="ValidLoginTest" time="27.492"/>
</testsuite> <!-- keyWordFaramework.Login_test -->
