<?xml version="1.0" encoding="UTF-8"?>
<!-- Generated by org.testng.reporters.JUnitReportReporter -->
<testsuite hostname="Sallu" failures="0" tests="1" name="pageObjectModel.LoginTest" time="27.780" errors="0" timestamp="2024-09-13T22:54:19 BDT" skipped="0">
  <testcase classname="pageObjectModel.LoginTest" name="ValidLoginTest" time="27.780"/>
</testsuite> <!-- pageObjectModel.LoginTest -->
